<?xml version="1.0" encoding="UTF-8"?>
<testsuite xmlns:xsi="http://www.w3.org/2001/XMLSchema-instance" xsi:noNamespaceSchemaLocation="https://maven.apache.org/surefire/maven-surefire-plugin/xsd/surefire-test-report.xsd" name="org.example.ProcessadorBoletosTest" time="0.212" tests="5" errors="1" skipped="0" failures="3">
  <properties>
[...]
</properties>
  <testcase name="testBoletosInsuficientes" classname="org.example.ProcessadorBoletosTest" time="0.199">
    <failure message="expected: not &lt;null&gt;" type="org.opentest4j.AssertionFailedError"><![CDATA[org.opentest4j.AssertionFailedError: expected: not <null>
	at org.example.ProcessadorBoletosTest.testBoletosInsuficientes(ProcessadorBoletosTest.java:82)
]]></failure>
  </testcase>
  <testcase name="testProcessaListaVazia" classname="org.example.ProcessadorBoletosTest" time="0">
    <error type="java.lang.NullPointerException">java.lang.NullPointerException
	at org.example.ProcessadorBoletosTest.testProcessaListaVazia(ProcessadorBoletosTest.java:37)
</error>
  </testcase>
  <testcase name="testFaturaPagaComSobra" classname="org.example.ProcessadorBoletosTest" time="0.002">
    <failure message="expected: &lt;PAGA&gt; but was: &lt;null&gt;" type="org.opentest4j.AssertionFailedError"><![CDATA[org.opentest4j.AssertionFailedError: expected: <PAGA> but was: <null>
	at org.example.ProcessadorBoletosTest.testFaturaPagaComSobra(ProcessadorBoletosTest.java:113)
]]></failure>
  </testcase>
  <testcase name="testEstadoInicialFatura" classname="org.example.ProcessadorBoletosTest" time="0"/>
  <testcase name="testFaturaPaga" classname="org.example.ProcessadorBoletosTest" time="0.003">
    <failure message="Multiple Failures (1 failure)&#10;	expected: &lt;PAGA&gt; but was: &lt;null&gt;" type="org.opentest4j.MultipleFailuresError"><![CDATA[org.opentest4j.MultipleFailuresError: 
Multiple Failures (1 failure)
	expected: <PAGA> but was: <null>
	at org.example.ProcessadorBoletosTest.testFaturaPaga(ProcessadorBoletosTest.java:50)
]]></failure>
  </testcase>
</testsuite>